<?xml version="1.0" encoding="UTF-8"?>
<!-- Generated by org.testng.reporters.JUnitReportReporter -->
<testsuite skipped="0" hostname="VISHAL-HP" name="scripts.TestValidLogin" tests="2" failures="0" timestamp="01 Sep 2018 10:09:43 GMT" time="77.062" errors="0">
  <testcase name="testValidLogin" time="40.044" classname="scripts.TestValidLogin"/>
  <testcase name="testValidLogin" time="37.018" classname="scripts.TestValidLogin"/>
</testsuite> <!-- scripts.TestValidLogin -->
