<?xml version="1.0" encoding="UTF-8"?>
<!-- Generated by org.testng.reporters.JUnitReportReporter -->
<testsuite skipped="0" hostname="VISHAL-HP" name="scripts.TestInvalidLogin" tests="2" failures="0" timestamp="06 Sep 2018 08:27:37 GMT" time="238.015" errors="0">
  <testcase name="testInvalid" time="108.113" classname="scripts.TestInvalidLogin"/>
  <testcase name="testInvalid" time="129.902" classname="scripts.TestInvalidLogin"/>
</testsuite> <!-- scripts.TestInvalidLogin -->
