<?xml version="1.0" encoding="UTF-8"?>
<!-- Generated by org.testng.reporters.JUnitReportReporter -->
<testsuite skipped="0" hostname="VISHAL-HP" name="scripts.TestInvalidLogin" tests="2" failures="0" timestamp="01 Sep 2018 10:09:43 GMT" time="236.817" errors="0">
  <testcase name="testInvalid" time="106.225" classname="scripts.TestInvalidLogin"/>
  <testcase name="testInvalid" time="130.592" classname="scripts.TestInvalidLogin"/>
</testsuite> <!-- scripts.TestInvalidLogin -->
