<?xml version="1.0" encoding="UTF-8"?>
<!-- Generated by org.testng.reporters.JUnitReportReporter -->
<testsuite skipped="0" hostname="VISHAL-HP" name="scripts.TestValidLogin" tests="2" failures="0" timestamp="06 Sep 2018 08:27:37 GMT" time="90.710" errors="0">
  <testcase name="testValidLogin" time="47.960" classname="scripts.TestValidLogin"/>
  <testcase name="testValidLogin" time="42.750" classname="scripts.TestValidLogin"/>
</testsuite> <!-- scripts.TestValidLogin -->
