<?xml version="1.0" encoding="UTF-8"?>
<!-- Generated by org.testng.reporters.JUnitReportReporter -->
<testsuite skipped="0" hostname="VISHAL-HP" name="scripts.TestInvalidLogin" tests="2" failures="0" timestamp="27 Aug 2018 13:47:24 GMT" time="218.795" errors="0">
  <testcase name="testInvalid" time="102.491" classname="scripts.TestInvalidLogin"/>
  <testcase name="testInvalid" time="116.304" classname="scripts.TestInvalidLogin"/>
</testsuite> <!-- scripts.TestInvalidLogin -->
