<?xml version="1.0" encoding="UTF-8"?>
<!-- Generated by org.testng.reporters.JUnitReportReporter -->
<testsuite skipped="0" hostname="VISHAL-HP" name="scripts.TestValidLogin" tests="2" failures="0" timestamp="01 Sep 2018 10:18:21 GMT" time="86.908" errors="0">
  <testcase name="testValidLogin" time="42.725" classname="scripts.TestValidLogin"/>
  <testcase name="testValidLogin" time="44.183" classname="scripts.TestValidLogin"/>
</testsuite> <!-- scripts.TestValidLogin -->
