<?xml version="1.0" encoding="UTF-8"?>
<!-- Generated by org.testng.reporters.JUnitReportReporter -->
<testsuite skipped="0" hostname="VISHAL-HP" name="scripts.TestValidLogin" tests="2" failures="0" timestamp="05 Sep 2018 07:28:48 GMT" time="120.291" errors="0">
  <testcase name="testValidLogin" time="59.426" classname="scripts.TestValidLogin"/>
  <testcase name="testValidLogin" time="60.865" classname="scripts.TestValidLogin"/>
</testsuite> <!-- scripts.TestValidLogin -->
