<?xml version="1.0" encoding="UTF-8"?>
<!-- Generated by org.testng.reporters.JUnitReportReporter -->
<testsuite skipped="0" hostname="VISHAL-HP" name="scripts.TestInvalidLogin" tests="2" failures="0" timestamp="05 Sep 2018 07:28:48 GMT" time="248.467" errors="0">
  <testcase name="testInvalid" time="135.994" classname="scripts.TestInvalidLogin"/>
  <testcase name="testInvalid" time="112.473" classname="scripts.TestInvalidLogin"/>
</testsuite> <!-- scripts.TestInvalidLogin -->
